[    0000000]Initiliingcgrou subss cuset
[   0.00000] niializngcgroup subsy cpu
[    0.000000] Initializing cgroup subsys cpuacct
[    0.00000] inux erson 4..0-119geeric buld@lcy0-amd64-03) (ccversion 54.0 216060 (Ubutu 54.0-6uuntu116.049) )#143-butu SMPMon Ar 2 6:8:24 UTC 018 (butu 44.0-11.143-eneric 4.4.14)
[   0.00000] Coman line:BOOT_MAGE=boot/mliuz-4.40-119-geneic rot=ABELcludimgrootfsro cosoe=tty1 consle=tyS0
    000000] KERNE suporte cpu:
[   0.00000]   Inel GenuneIntl
[    000000]  AMD AuhenticAD
[    0.000000]   Centaur CentaurHauls
[    0.000000] x86/fpu: xstate_offset[2]:  576, xstate_sizes[2]:  256
[    0.000000] x86/fpu: Supporting XSAVE feature 0x01: 'x87 floating point registers'
[    0.000000] x86/fpu: Supporting XSAVE feature 0x02: 'SSE registers'
[    0.000000]] x86/fu: Suportig XSAE featue 0x04: 'AVX registers'
[    0.000000] x86/fpu: Enabled xstate features 0x7, context size is 832 bytes, using 'standard' format.
[    0.000000] x86/fpu: Using 'lazy' FPU context switches.
[    0.000000] e820: BIOS-provided physical RAM map:
[    0.000000] BIOS-e820: [mem 0x0000000000000000-0x000000000009fbff] usable
[    0.000000] BIOS-e820: [mem 0x000000000009fc00-0x000000000009ffff] reserved
[    0.000000] BIOS-e820: [mem 0x00000000000f0000-0x00000000000fffff] reserved
[    0.000000] BIOS-e820: [mem 0x0000000000100000-0x000000003ffeffff] usable
[    0.000000] BIOS-e820: [mem 0x000000003fff0000-0x000000003fffffff] ACPI data
[    0.000000] BIOS-e820: [mem 0x00000000fec00000-0x00000000fec00fff] reserved
[    0.000000] BIOS-e820: [mem 0x00000000fee00000-0x00000000fee00fff] reserved
[    0.000000] BIOS-e820: [mem 0x00000000fffc0000-0x00000000ffffffff] reserved
[    0.000000] NX (Execute Disable) protection: active
[    0.000000] SMBIOS 2.5 present.
[    0.000000] Hypervisor detected: KVM
[    0.000000] e820: last_pfn = 0x3fff0 max_arch_pfn = 0x400000000
[    0.000000] MTRR: Disabled
[    0.000000] x86/PAT: MTRRs disabled, skipping PAT initialization too.
[    0.000000] CPU MTRRs all blank - virtualized system.
[    0.000000] x86/PAT: Configuration [0-7]: WB  WT  UC- UC  WB  WT  UC- UC  
[    0.000000] found SMP MP-table at [mem 0x0009fff0-0x0009ffff] mapped at [ffff88000009fff0]
[    0.000000] Scanning 1 areas for low memory corruption
[    0.000000] RAMDISK: [mem 0x36aae000-0x3754efff]
[    0.000000] ACPI: Early table checksum verification disabled
[    0.000000] ACPI: RSDP 0x00000000000E0000 000024 (v02 VBOX  )
[    0.000000] ACPI: XSDT 0x000000003FFF0030 00003C (v01 VBOX   VBOXXSDT 00000001 ASL  00000061)
[    0.000000] ACPI: FACP 0x000000003FFF00F0 0000F4 (v04VBOX  VBOXFCP 0000000 ASL  0000061)
[   0.00000] ACP: DSDT 0x00000003FFF470 021FF v02 VOX   VOXBIOS00000002 INTL 20100528)
[   0.0000] ACPI: FACS 0x00000003FF00000004
[   0.00000]ACPI: FACS0x00000003FF0200 00040
[   0.0000] ACI: APIC 0x0000000FFF040 00005C (v02VBOX  VBOXPI 00000001 ASL  00000061)
[    0.000000] ACPI: SSDT 0x000000003FFF02A0 0001CC (v01 VBOX   VBOXCPUT 00000002 INTL 20100528)
[    0.000000] No NUMA configuration found
[    0.000000] Faking a node at [mem 0x0000000000000-0x00000003ffefff]
[    0.000000] NODE_DATA(0) allocated [mem 0x3ffeb000-0x3ffeffff]
[    0.000000] kvm-clock: Using msrs 4b564d01 and 4b564d00
[    0.000000] kvm-clock: cpu 0, msr 0:3ffe3001, primary cpu clock
[    0.000000] kvm-clock: using sched offset of 4360459047 cycles
[    0.000000] clocksource: kvm-clock: mask: 0xffffffffffffffff max_cycles: 0x1cd42e4dffb, max_idle_ns: 881590591483 ns
[    0.00000] Zone rnges:
    0000000]  DMA     [mm 0x00000000010000x000000000fffff]
[   0.00000   DM32   [mem 0x00000001000000-0x00000000ffefff]
    0.000000]   orma   emty
[    0.0000]  Device  emty
[    .000000 Movable zonestart fr ach ode
[    0.000000] Early memory node ranges
[    0.000000]   node   0: [mem 0x0000000000001000-0x000000000009efff]
[    0.000000]   node   0: [mem 0x0000000000100000-0x000000003ffefff]
[   0.00000]Intmemsetup node 0 [mem 0x0000000000001000-0x000000003ffefff]
[    .000000] ACPI: PMTimer IO Port: 04008
[   0.00000] IAPIC0]: apic_id 2, version 32, address 0xfec00000, GSI 0-23
[    0.000000] ACPI: INT_SRC_OVR (bus 0 bus_irq 0 global_irq 2 dfl dfl)
[    0.000000] ACPI: INT_SRC_OVR (bus 0 bus_irq 9 global_irq 9 low level)
[    0.000000] Using ACPI (MADT) for SMP configuration information
[    0.000000] smpboot: Allowing 2 CPUs, 0 hotplug CPUs
[    0.000000] PM: Registered nosave memory: [mem 0x0000000-0x00000fff]
    0000000] M: Regitere nsave memory: [mem 0x009f000-0x0009ffff]
[    0.000000] PM: Registered nosave memory: [mem 0x000a0000-0x000effff]
    0.00000] P: Regstred noave emory: [mm 0x00f000-0x00ffff]
[    0.000000] e820: [mem 0x40000000-0xfebfffff] available for PCI devices
[    0.000000] Booting paravirtualized kernel on KVM
[    0.000000] clocksource: refined-jiffies: mask: 0xffffffff max_cycles: 0xffffffff, max_idle_ns: 764551960211568 ns
[    0.00000] setup_ercp: R_CPS:512 nr_cpumask_bits:512 nr_cp_ids2 nr_noe_ds:1
    0.00000] PERPU Embeded 34page/cpu @fff8003fc00000 s99544 8192 d31528 1048576
    000000] PV qpinlock has table entries: 256 (order: 0, 4096 bytes)
[    0.000000] Built 1 zonelists in Node order, mobility grouping on.  Total pages: 257912
[    0.000000] Policy zone: DMA32
[    0.000000] Kernel command line: BOOT_IMAGE=/boot/vmlinuz-4.4.0-119-generic root=LABEL=cloudimg-rootfs ro console=tty1 console=ttyS0
[    0.000000] PID hash table entries: 4096 (order: 3, 32768 bytes)
[    0.000000] Memory: 1001640K/1048120K available (8532K kernel code, 1313K rwdata, 396K rodata, 1508K init, 1316K bss, 46480K reserved, 0K cma-reserved)
[    0.000000] SLUB: HWalign=64, Order=0-3, MinObjects=0, CPUs=2, Nodes=1
[    0.000000] Kernel/User page tabes islaion: enbled
[    .000000 Hierarchical RC implementation.
[   0.000000] 	uild-ime ajustmnt ofleaf fanout to 64.
[    .00000] 	RC restricting CUs from R_CPS=512 to n_cpu_ids=2.
[   0.000000 RCU: Adjusing geometry fo rcu_fnout_leaf=4, nr_cu_ids=2
[    0.000000] NR_IRQS:33024 nr_irqs:440 16
[    0.000000] Console: colour VGA+ 80x25
[    0.000000] console [tty1] enabled
[    0.000000] console [ttyS0] enabled
[    0.000000] tsc: Detected 3599.996 MHz processor
[   15.734968] Calibrating delay loop (skipped) preset value.. 7199.99 BogoMIPS (lpj=14399984)
[   15.823853] pid_max: default: 32768 minimum: 301
[   15.826369] ACPI: Core revision 20150930
[   15.829020] ACPI: 2 ACPI AML tables successfully acquired and loaded
[   15.839978] Security Framework initialized
[   15.906017] Yama: becoming mindful.
[   15.952097] AppArmor: AppArmor initialized
[   16.005030] Dentry cache hash table entries: 131072 (order: 8, 1048576 bytes)
[   16.119770] Inode-cache hash table entries: 65536 (order: 7, 524288 bytes)
[   16.157333] Mount-cache hash table entries: 2048 (order: 2, 16384 bytes)
[   16.160358] Mountpoint-cache hash table entries: 2048 (order: 2, 16384 bytes)
[   16.165067] Initializing cgroup subsys io
[   16.219192] Initializing cgroup subsys memory
[   16.260331] Initializing cgroup subsys devices
[   16.262577] Initializing cgroup subsys freezer
[   16.264736] Initializing cgroup subsys net_cls
[   16.266962] Initializing cgroup subsys perf_event
[   16.269239] Initializing cgroup subsys net_prio
[   16.271460] Initializing cgroup subsys hugetlb
[   16.273649] Initializing cgroup subsys pids
[   16.276027] CPU: Physical Processor ID: 0
[   16.278007] CPU: Processor Core ID: 0
[   16.279961] FEATURE SPEC_CTRL Not Present
[   16.282914] mce: CPU supports 0 MCE banks
[   16.287817] Last level iTLB entries: 4KB 64, 2MB 8, 4MB 8
[   16.290390] Last level dTLB entries: 4KB 64, 2MB 0, 4MB 0, 1GB 4
[   16.293107] Spectre V2 mitigation: Mitigation: Full generic retpoline
[   16.296102] Spectre V2 mitigation: Speculation control IBPB not-supported IBRS not-supported
[   16.299778] Spectre V2 mitigation: Filling RSB on context switch
[   16.309586] Freeing SMP alternatives memory: 32K
[   16.376482] ftrace: allocating 32195 entries in 126 pages
[   16.564224] smpboot: APIC(0) Converting physical 0 to logical package 0
[   16.640975] smpboot: Max logical packages: 1
[   16.643592] x2apic enabled
[   16.645566] Switched APIC routing to physical x2apic.
[   16.650044] ..TIMER: vector=0x30 apic1=0 pin1=2 apic2=-1 pin2=-1
[   16.810151] smpboot: CPU0: Intel(R) Core(TM) i7-7700 CPU @ 3.60GHz (family: 0x6, model: 0x9e, stepping: 0x9)
[   16.971684] Performance Events: unsupported p6 CPU model 158 no PMU driver, software events only.
[   17.143804] KVM setup paravirtual spinlock
[   17.219599] x86: Booting SMP configuration:
[   17.294590] .... node  #0, CPUs:      #1
[   17.370973] kvm-clock: cpu 1, msr 0:3ffe3041, secondary cpu clock
[   17.374756] mce: CPU supports 0 MCE banks
[   17.378446] x86: Booted up 1 node, 2 CPUs
[   17.380827] smpboot: Total of 2 processors activated (14399.98 BogoMIPS)
[   17.384602] devtmpfs: initialized
[   17.387545] evm: security.selinux
[   17.389269] evm: security.SMACK64
[   17.391072] evm: security.SMACK64EXEC
[   17.397941] evm: security.SMACK64TRANSMUTE
[   17.401826] evm: security.SMACK64MMAP
[   17.403840] evm: security.ima
[   17.405492] evm: security.capability
[   17.407716] clocksource: jiffies: mask: 0xffffffff max_cycles: 0xffffffff, max_idle_ns: 7645041785100000 ns
[   17.414965] futex hash table entries: 512 (order: 3, 32768 bytes)
[   17.418046] pinctrl core: initialized pinctrl subsystem
[   17.420839] RTC time:  1:58:38, date: 04/23/18
[   17.454385] NET: Registered protocol family 16
[   17.515844] cpuidle: using governor ladder
[   17.591585] cpuidle: using governor menu
[   17.632572] PCCT header not found.
[   17.665078] ACPI: bus type PCI registered
[   17.721834] acpiphp: ACPI Hot Plug PCI Controller Driver version: 0.5
[   17.790978] PCI: Using configuration type 1 for base access
[   17.839757] ACPI: Added _OSI(Module Device)
[   17.905920] ACPI: Added _OSI(Processor Device)
[   17.960000] ACPI: Added _OSI(3.0 _SCP Extensions)
[   18.014947] ACPI: Added _OSI(Processor Aggregator Device)
[   18.064082] ACPI: Executed 1 blocks of module-level executable AML code
[   18.150011] ACPI: Interpreter enabled
[   18.188539] ACPI: (supports S0 S5)
[   18.236624] ACPI: Using IOAPIC for interrupt routing
[   18.296172] PCI: Using host bridge windows from ACPI; if necessary, use "pci=nocrs" and report a bug
[   18.330032] ACPI: PCI Root Bridge [PCI0] (domain 0000 [bus 00-ff])
[   18.332937] acpi PNP0A03:00: _OSC: OS supports [ASPM ClockPM Segments MSI]
[   18.336135] acpi PNP0A03:00: _OSC: not requesting OS control; OS requires [ExtendedConfig ASPM ClockPM MSI]
[   18.340918] acpi PNP0A03:00: fail to add MMCONFIG information, can't access extended PCI configuration space under this bridge.
[   18.346841] PCI host bridge to bus 0000:00
[   18.348925] pci_bus 0000:00: root bus resource [io  0x0000-0x0cf7 window]
[   18.351952] pci_bus 0000:00: root bus resource [io  0x0d00-0xffff window]
[   18.355147] pci_bus 0000:00: root bus resource [mem 0x000a0000-0x000bffff window]
[   18.359073] pci_bus 0000:00: root bus resource [mem 0x40000000-0xfdffffff window]
[   18.362849] pci_bus 0000:00: root bus resource [bus 00-ff]
[   18.370437] pci 0000:00:01.1: legacy IDE quirk: reg 0x10: [io  0x01f0-0x01f7]
[   18.412125] pci 0000:00:01.1: legacy IDE quirk: reg 0x14: [io  0x03f6]
[   18.432504] pci 0000:00:01.1: legacy IDE quirk: reg 0x18: [io  0x0170-0x0177]
[   18.530186] pci 0000:00:01.1: legacy IDE quirk: reg 0x1c: [io  0x0376]
[   18.610211] pci 0000:00:07.0: quirk: [io  0x4000-0x403f] claimed by PIIX4 ACPI
[   18.629003] pci 0000:00:07.0: quirk: [io  0x4100-0x410f] claimed by PIIX4 SMB
[   18.646363] ACPI: PCI Interrupt Link [LNKA] (IRQs 5 9 10 *11)
[   18.712110] ACPI: PCI Interrupt Link [LNKB] (IRQs 5 9 *10 11)
[   18.776250] ACPI: PCI Interrupt Link [LNKC] (IRQs 5 *9 10 11)
[   18.827072] ACPI: PCI Interrupt Link [LNKD] (IRQs 5 9 10 *11)
[   18.831292] ACPI: Enabled 2 GPEs in block 00 to 07
[   18.836247] vgaarb: setting as boot device: PCI:0000:00:02.0
[   18.838969] vgaarb: device added: PCI:0000:00:02.0,decodes=io+mem,owns=io+mem,locks=none
[   18.843722] vgaarb: loaded
[   18.845272] vgaarb: bridge control possible 0000:00:02.0
[   18.848072] SCSI subsystem initialized
[   18.850176] ACPI: bus type USB registered
[   18.852370] usbcore: registered new interface driver usbfs
[   18.855198] usbcore: registered new interface driver hub
[   18.857915] usbcore: registered new device driver usb
[   18.861340] PCI: Using ACPI for IRQ routing
[   18.866941] NetLabel: Initializing
[   18.886247] NetLabel:  domain hash size = 128
[   18.906051] NetLabel:  protocols = UNLABELED CIPSOv4
[   18.971848] NetLabel:  unlabeled traffic allowed by default
[   19.031044] amd_nb: Cannot enumerate AMD northbridges
[   19.080379] clocksource: Switched to clocksource kvm-clock
[   19.7205] AppAmor: AppArmo Filesyem Enble
[  19.54762]pnp Pn ACP init
  19.87217]pnp Pn API fond  devices

[   20.363367] clocksource: acpi_pm: mask: 0xffffff max_cycles: 0xffffff, max_idle_ns: 2085701024 ns
[   20.368732] NET: Registered protocol family 2
[   20.370950] TCP established hash table entries: 8192 (order: 4, 65536 bytes)
[   20.374159] TCP bind hash table entries: 8192 (order: 5, 131072 bytes)
[   20.384503] TCP: Hash tables configured (established 8192 bind 8192)
[   20.387405] UDP hash table entries: 512 (order: 2, 16384 bytes)
[   20.391647] UDP-Lite hash table entries: 512 (order: 2, 16384 bytes)
[   20.394637] NET: Registered protocol family 1
[   20.396788] pci 0000:00:00.0: Limiting direct PCI/PCI transfers
[   20.405997] pci 0000:00:01.0: Activating ISA DMA hang workarounds
[   20.410614] Unpacking initramfs...
[   21.744771] Freeing initrd memory: 10884K
[   21.793293] platform rtc_cmos: registered platform RTC device (no PNP device found)
[   21.874284] Scanning for low memory corruption every 60 seconds
[   21.947750] audit: initializing netlink subsys (disabled)
[   21.997965] audit: type=2000 audit(1524448710.594:1): initialized
[   22.026061] Initialise system trusted keyring
[   22.047894] HugeTLB registered 2 MB page size, pre-allocated 0 pages
[   22.056437] zbud: loaded
[   22.058237] VFS: Disk quotas dquot_6.6.0
[   22.107229] VFS: Dquot-cache hash table entries: 512 (order 0, 4096 bytes)
[   22.136746] squashfs: version 4.0 (2009/01/31) Phillip Lougher
[   22.141588] fuse init (API version 7.23)
[   22.145620] Key type big_key registered
[   22.147579] Allocating IMA MOK and blacklist keyrings.
[   22.152671] Key type asymmetric registered
[   22.195049] Asymmetric key parser 'x509' registered
[   22.211531] Block layer SCSI generic (bsg) driver version 0.4 loaded (major 249)
[   22.215241] io scheduler noop registered
[   22.217237] io scheduler deadline registered (default)
[   22.219702] io scheduler cfq registered
[   22.222883] pci_hotplug: PCI Hot Plug PCI Core version: 0.5
[   22.254645] pciehp: PCI Express Hot Plug Controller Driver version: 0.4
[   22.315432] ACPI: AC Adapter [AC] (on-line)
[   22.328214] input: Power Button as /devices/LNXSYSTM:00/LNXPWRBN:00/input/input0
[   22.396148] ACPI: Power Button [PWRF]
[   22.398174] input: Sleep Button as /devices/LNXSYSTM:00/LNXSLPBN:00/input/input1
[   22.403634] ACPI: Sleep Button [SLPF]
[   22.410207] GHES: HEST is not enabled!
[   22.453954] Serial: 8250/16550 driver, 32 ports, IRQ sharing enabled
[   22.486214] 00:02: ttyS0 at I/O 0x3f8 (irq = 4, base_baud = 115200) is a 16550A
[   22.548799] Linux agpgart interface v0.103
[   22.553934] loop: module loaded
[   22.562485] scsi host0: ata_piix
[   22.596313] scsi host1: ata_piix
[   22.607004] ata1: PATA max UDMA/33 cmd 0x1f0 ctl 0x3f6 bmdma 0xd000 irq 14
[   22.675985] ata2: PATA max UDMA/33 cmd 0x170 ctl 0x376 bmdma 0xd008 irq 15
[   22.679398] libphy: Fixed MDIO Bus: probed
[   22.681610] tun: Universal TUN/TAP device driver, 1.6
[   22.684008] tun: (C) 1999-2004 Max Krasnyansky <maxk@qualcomm.com>
[   22.686920] PPP generic driver version 2.4.2
[   22.689245] ehci_hcd: USB 2.0 'Enhanced' Host Controller (EHCI) Driver
[   22.692167] ehci-pci: EHCI PCI platform driver
[   22.694355] ehci-platform: EHCI generic platform driver
[   22.698420] ohci_hcd: USB 1.1 'Open' Host Controller (OHCI) Driver
[   22.701378] ohci-pci: OHCI PCI platform driver
[   22.703599] ohci-platform: OHCI generic platform driver
[   22.708983] uhci_hcd: USB Universal Host Controller Interface driver
[   22.711850] i8042: PNP: PS/2 Controller [PNP0303:PS2K,PNP0f03:PS2M] at 0x60,0x64 irq 1,12
[   22.716634] serio: i8042 KBD port at 0x60,0x64 irq 1
[   22.719071] serio: i8042 AUX port at 0x60,0x64 irq 12
[   22.755083] mousedev: PS/2 mouse device common for all mice
[   22.758491] rtc_cmos rtc_cmos: rtc core: registered rtc_cmos as rtc0
[   22.761550] rtc_cmos rtc_cmos: alarms up to one day, 114 bytes nvram
[   22.764517] input: AT Translated Set 2 keyboard as /devices/platform/i8042/serio0/input/input2
[   22.771439] i2c /dev entries driver
[  2.79459] deic-mapper: uevnt vrsion1.0.3
[  22.79550] ts: Refind SC cloksorce calibratio: 3599.24 Hz
[   22.795532] clocksource: tsc: mask: 0xffffffffffffffff max_cycles: 0x33e17f53013, max_idle_ns: 440795259559 ns
[   23.857988] device-mapper: ioctl: 4.34.0-ioctl (2015-10-28) initialised: dm-devel@redhat.com
[   23.944224] ledtrig-cpu: registered to indicate activity on CPUs
[   24.013052] NET: Registered protocol family 10
[   24.062563] NET: Registered protocol family 17
[   24.106890] Key type dns_resolver registered
[   24.114081] registered taskstats version 1
[   24.116224] Loading compiled-in X.509 certificates
[   24.119110] Loaded X.509 cert 'Build time autogenerated kernel key: f854e06633b5f496ced5b2e02c7b14f761b69302'
[   24.123933] zswap: loaded using pool lzo/zbud
[   24.143892] Key type trusted registered
[   24.150951] Key type encrypted registered
[   24.186364] AppArmor: AppArmor sha1 policy hashing enabled
[   24.241511] ima: No TPM chip found, activating TPM-bypass!
[   24.288794] evm: HMAC attrs: 0x1
[   24.319567]   Magic number: 14:261:964
[   24.347621] rtc_cmos rtc_cmos: setting system clock to 2018-04-23 01:58:45 UTC (1524448725)
[   24.410973] BIOS EDD facility v0.16 2004-Jun-25, 0 devices found
[   24.413810] EDD information not available.
[   24.417547] Freeing unused kernel memory: 1508K
[   24.444301] Write protecting the kernel read-only data: 14336k
[   24.487454] Freeing unused kernel memory: 1696K
[   24.534115] Freeing unused kernel memory: 100K
Loading, please [   24.580760] random: systemd-udevd: uninitialized urandom read (16 bytes read, 7 bits of entropy available)
wait...
starting version 229
[   24.581290] random: udevadm: uninitialized urandom read (16 bytes read, 7 bits of entropy available)
[   24.581301] random: udevadm: uninitialized urandom read (16 bytes read, 7 bits of entropy available)
[   24.587027] random: udevadm: uninitialized urandom read (16 bytes read, 7 bits of entropy available)
[   24.587092] random: udevadm: uninitialized urandom read (16 bytes read, 7 bits of entropy available)
[   24.587181] random: udevadm: uninitialized urandom read (16 bytes read, 7 bits of entropy available)
[   24.587213] random: udevadm: uninitialized urandom read (16 bytes read, 7 bits of entropy available)
[   24.587243] random: udevadm: uninitialized urandom read (16 bytes read, 7 bits of entropy available)
[   24.587274] random: udevadm: uninitialized urandom read (16 bytes read, 7 bits of entropy available)
[   24.587304] random: udevadm: uninitialized urandom read (16 bytes read, 7 bits of entropy available)
[   25.044856] e1000: Intel(R) PRO/1000 Network Driver - version 7.3.21-k8-NAPI
[   25.099460] e1000: Copyright (c) 1999-2006 Intel Corporation.
[   25.152511] Fusion MPT base driver 3.04.20
[   25.161859] Copyright (c) 1999-2008 LSI Corporation
[   25.167159] AVX2 version of gcm_enc/dec engaged.
[   25.169765] AES CTR mode by8 optimization enabled
[   25.188558] Fusion MPT SPI Host driver 3.04.20
[   25.371749] input: ImExPS/2 Generic Explorer Mouse as /devices/platform/i8042/serio1/input/input4
[   25.648287] e1000 0000:00:03.0 eth0: (PCI:33MHz:32-bit) 02:1b:e7:ca:c1:c0
[   25.743082] e1000 0000:00:03.0 eth0: Intel(R) PRO/1000 Network Connection
[   26.381312] e1000 0000:00:08.0 eth1: (PCI:33MHz:32-bit) 08:00:27:88:ce:01
[   26.440674] e1000 0000:00:08.0 eth1: Intel(R) PRO/1000 Network Connection
[   26.504205] e1000 0000:00:03.0 enp0s3: renamed from eth0
[   26.553896] mptbase: ioc0: Initiating bringup
[   26.595466] e1000 0000:00:08.0 enp0s8: renamed from eth1
[   26.685613] ioc0: LSI53C1030 A0: Capabilities={Initiator}
[   26.866339] scsi host2: ioc0: LSI53C1030 A0, FwRev=00000000h, Ports=1, MaxQ=256, IRQ=20
[   26.987589] scsi 2:0:0:0: Direct-Access     VBOX     HARDDISK         1.0  PQ: 0 ANSI: 5
[   26.994824] scsi target2:0:0: Beginning Domain Validation
[   27.000779] scsi target2:0:0: Domain Validation skipping write tests
[   27.060840] scsi target2:0:0: Ending Domain Validation
[   27.105544] scsi target2:0:0: asynchronous
[   27.164313] scsi 2:0:1:0: Direct-Access     VBOX     HARDDISK         1.0  PQ: 0 ANSI: 5
[   27.254498] scsi target2:0:1: Beginning Domain Validation
[   27.273284] scsi target2:0:1: Domain Validation skipping write tests
[   27.276456] scsi target2:0:1: Ending Domain Validation
[   27.301490] scsi target2:0:1: asynchronous
[   27.325608] sd 2:0:0:0: Attached scsi generic sg0 type 0
[   27.382296] sd 2:0:0:0: [sda] 20971520 512-byte logical blocks: (10.7 GB/10.0 GiB)
[   27.395326] sd 2:0:1:0: [sdb] 20480 512-byte logical blocks: (10.5 MB/10.0 MiB)
[   27.395725] sd 2:0:1:0: [sdb] Write Protect is off
[   27.395990] sd 2:0:1:0: [sdb] Incomplete mode parameter data
[   27.395991] sd 2:0:1:0: [sdb] Assuming drive cache: write through
[   27.425735] sd 2:0:1:0: Attached scsi generic sg1 type 0
[   27.450548] sd 2:0:1:0: [sdb] Attached SCSI disk
[   27.646505] sd 2:0:0:0: [sda] Write Protect is off
[   27.715084] sd 2:0:0:0: [sda] Incomplete mode parameter data
[   27.736199] sd 2:0:0:0: [sda] Assuming drive cache: write through
[   27.744037]  sda: sda1
[   27.782648] sd 2:0:0:0: [sda] Attached SCSI disk
[   28.140734] floppy0: no floppy controllers found
Begin: Loading e[   29.722722] md: linear personality registered for level -1
ssential drivers[   29.807927] md: multipath personality registered for level -4
 ... [   29.897846] md: raid0 personality registered for level 0
[   29.993342] md: raid1 personality registered for level 1
[   30.128720] raid6: sse2x1   gen() 13430 MB/s
[   30.240593] raid6: sse2x1   xor() 10159 MB/s
[   30.385335] raid6: sse2x2   gen() 16671 MB/s
[   30.488850] raid6: sse2x2   xor() 10680 MB/s
[   30.604668] raid6: sse2x4   gen() 18932 MB/s
[   30.744476] raid6: sse2x4   xor() 11922 MB/s
[   30.872578] raid6: avx2x1   gen() 26434 MB/s
[   31.012913] raid6: avx2x2   gen() 30833 MB/s
[   31.140475] raid6: avx2x4   gen() 29626 MB/s
[   31.176254] raid6: using algorithm avx2x2 gen() 30833 MB/s
[   31.246728] raid6: using avx2x2 recovery algorithm
[   31.314689] xor: automatically using best checksumming function:
[   31.432414]    avx       : 21880.000 MB/sec
[   31.482498] async_tx: api initialized (async)
[   31.492305] md: raid6 personality registered for level 6
[   31.511474] md: raid5 personality registered for level 5
[   31.514435] md: raid4 personality registered for level 4
[   31.522127] md: raid10 personality registered for level 10
done.
Begin: Running /scripts/init-premount ... done[   31.601548] Btrfs loaded
.
Begin: Mounting root file system ... Begin: Running /scripts/local-top ... done.
Begin: Running /scripts/loc[   31.730237] EXT4-fs (sda1): mounted filesystem with ordered data mode. Opts: (null)
al-premount ... Scanning for Btrfs filesystems
done.
Warning: fsck not present, so skipping root file system
done.
Begin: Running /scripts/local-bottom ... done.
Begin: Running /scripts/init-bottom ... done.
[   34.767489] random: nonblocking pool is initialized
[   35.492997] systemd[1]: systemd 229 running in system mode. (+PAM +AUDIT +SELINUX +IMA +APPARMOR +SMACK +SYSVINIT +UTMP +LIBCRYPTSETUP +GCRYPT +GNUTLS +ACL +XZ -LZ4 +SECCOMP +BLKID +ELFUTILS +KMOD -IDN)
[   35.654286] systemd[1]: Detected virtualization oracle.
[   35.656827] systemd[1]: Detected architecture x86-64.

Welcome to [1mUbuntu 16.04.4 LTS[0m!

[   35.700009] systemd[1]: Set hostname to <ubuntu-xenial>.
[ 36.9875] ssted[1]: Reaedtaret wap

[[0;32m  OK  [0m] Reached target Swap.
[   37.96918] sytem[1]: Listenin o udev ontol ockt. [[0;32m  OK  [0m] Listening on udev Control Socket.
[   38.294989] systemd[1]: Created slice User and Session Slice.
[[0;32m  OK  [0m] Created slice User and Session Slice.
[   38.301594] systemd[1]: Listening on Journal Socket (/dev/log).
[[0;32m  OK  [0m] Listening on Journal Socket (/dev/log).
[   38.308243] systemd[1]: Listening on /dev/initctl Compatibility Named Pipe.
[[0;32m  OK  [0m] Listening on /dev/initctl Compatibility Named Pipe.
[   38.315671] systemd[1]: Reached target User and Group Name Lookups.
[[0;32m  OK  [0m] Reached target User and Group Name Lookups.
[   38.322621] systemd[1]: Listening on LVM2 metadata daemon socket.
[[0;32m  OK  [0m] Listening on LVM2 metadata daemon socket.
[   38.329372] systemd[1]: Listening on Device-mapper event daemon FIFOs.
[[0;32m  OK  [0m] Listening on Device-mapper event daemon FIFOs.
[   38.336406] systemd[1]: Started Forward Password Requests to Wall Directory Watch.
[[0;32m  OK  [0m] Started Forward Password Requests to Wall Directory Watch.
[   38.344641] systemd[1]: Listening on LVM2 poll daemon socket.
[[0;32m  OK  [0m] Listening on LVM2 poll daemon socket.
[   38.351202] systemd[1]: Reached target Encrypted Volumes.
[[0;32m  OK  [0m] Reached target Encrypted Volumes.
[   38.357596] systemd[1]: Set up automount Arbitrary Executable File Formats File System Automount Point.
[[0;32m  OK  [0m] Set up automount Arbitrary Executab...ats File System Automount Point.
[   38.366658] systemd[1]: Listening on Syslog Socket.
[[0;32m  OK  [0m] Listening on Syslog Socket.
[   38.372697] systemd[1]: Listening on Journal Audit Socket.
[[0;32m  OK  [0m] Listening on Journal Audit Socket.
[   38.379094] systemd[1]: Started Trigger resolvconf update for networkd DNS.
[[0;32m  OK  [0m] Started Trigger resolvconf update for networkd DNS.
[   38.386509] systemd[1]: Listening on udev Kernel Socket.
[[0;32m  OK  [0m] Listening on udev Kernel Socket.
[   38.392764] systemd[1]: Listening on Journal Socket.
[[0;32m  OK  [0m] Listening on Journal Socket.
[   38.398917] systemd[1]: Created slice System Slice.
[[0;32m  OK  [0m] Created slice System Slice.
[   38.416631] systemd[1]: Starting Journal Service...
         Starting Journal Service...
[   38.423412] systemd[1]: Created slice system-serial\x2dgetty.slice.
[[0;32m  OK  [0m] Created slice system-serial\x2dgetty.slice.
[   38.431037] systemd[1]: Starting Uncomplicated firewall...
         Starting Uncomplicated firewall...
[   38.437269] systemd[1]: Starting Monitoring of LVM2 mirrors, snapshots etc. using dmeventd or progress polling...
         Starting Monitoring of LVM2 mirrors... dmeventd or progress polling...
[   38.529237] systemd[1]: Mounting Huge Pages File System...
         Mounting Huge Pages File System...
[   38.677399] systemd[1]: Starting Load Kernel Modules...
         Starting Load Kernel Modules...
[   38.700293] systemd[1]: Mounting Debug File System...
         Mounting Debug File System...
[   38.709234] systemd[1]: Starting Set console keymap...
         Starting Set console keymap...
[   38.720816] systemd[1]: Reached target Slices.
[[0;32m  OK  [0m] Reached target Slices.
[   38.844913] systemd[1]: Starting Nameserver information manager...
         Starting Nameserver information manager...
[   38.876389] Loading iSCSI transport class v2.0-870.
[   38.880632] systemd[1]: Starting Remount Root and Kernel File Systems...
         Starting Remount Root and Kernel File Systems...[   38.925829] EXT4-fs (sda1): re-mounted. Opts: (null)

[   38.941154] iscsi: registered transport (tcp)
[   38.961368] systemd[1]: Starting Create list of required static device nodes for the current kernel...
         Starting Create list of required st... nodes for the current kernel...
[   39.093608] systemd[1]: Mounting POSIX Message Queue File System...
         Mounting POSIX Message Queue File System...
[  39.12598] ystemd[1] Reache taget ystm Tme ynchrnize.
[[0;32m  OK  [0m] Reached targ[   39.750097] iscsi: registered transport (iser)
et System Time Synchronized.
[   39.836951] systemd[1]: Mounted POSIX Message Queue File System.
[[0;32m  OK  [0m] Mounted POSIX Message Queue File System.
[   39.909466] systemd[1]: Mounted Huge Pages File System.
[[0;32m  OK  [0m] Mounted Huge Pages File System.
[   39.935620] systemd[1]: Mounted Debug File System.
[[0;32m  OK  [0m] Mounted Debug File System.
[   40.012819] systemd[1]: Started Journal Service.
[[0;32m  OK  [0m] Started Journal Service.
[[0;32m  OK  [0m] Started Uncomplicated firewall.
[[0;32m  OK  [0m] Started Load Kernel Modules.
[[0;32m  OK  [0m] Started Set console keymap.
[[0;32m  OK  [0m] Started Remount Root and Kernel File Systems.
[[0;32m  OK  [0m] Started Create list of required sta...ce nodes for the current kernel.
[[0;32m  OK  [0m] Started Nameserver information manager.
[[0;32m  OK  [0m] Started LVM2 metadata daemon.
         Starting Create Static Device Nodes in /dev...
         Starting Initial cloud-init job (pre-networking)...
         Starting Load/Save Random Seed...
         Starting udev Coldplug all Devices...
         Starting Apply Kernel Variables...
         Mounting FUSE Control File System...
         Starting Flush Journal to Persistent Storage...
[[0;32m  OK  [0m] Mounted FUSE Control File System.
[[0;32m  OK  [0m] Started Load/Save Random Seed.
[[0;32m  OK  [0m] Started Monitoring of LVM2 mirrors,...ng dmeventd or progress polling.
[[0;32m  OK  [0m] Started Create Static Device Nodes in /dev.
[   40.841977] systemd-journald[374]: Received request to flush runtime journal from PID 1
         Starting udev Kernel Device Manager...
[[0;32m  OK  [0m] Started Apply Kernel Variables.
[[0;32m  OK  [0m] Started Flush Journal to Persistent Storage.
[[0;32m  OK  [0m] Started udev Coldplug all Devices.
[[0;32m  OK  [0m] Started udev Kernel Device Manager.
[[0;32m  OK  [0m] Started Dispatch Password Requests to Console Directory Watch.
[[0;32m  OK  [0m] Reached target Local File Systems (Pre).
[[0;32m  OK  [0m] Reached target Local File Systems.
         Starting Tell Plymouth To Write Out Runtime Data...
         Starting LSB: AppArmor initialization...
         Starting Create Volatile Files and Directories...
         Starting Set console font and keymap...
[[0;32m  OK  [0m] Found device /dev/ttyS0.
[[0;32m  OK  [0m] Started Tell Plymouth To Write Out Runtime Data.
[[0;32m  OK  [0m] Found device 82540EM Gigabit Ethern...r (PRO/1000 MT Desktop Adapter).
[[0;32m  OK  [0m] Started Create Volatile Files and Directories.
[[0;32m  OK  [0m] Found device 82540EM Gigabit Ethern...r (PRO/1000 MT Desktop Adapter).
         Starting Update UTMP about System Boot/Shutdown...
[[0;32m  OK  [0m] Started Update UTMP about System Boot/Shutdown.
[[0;32m  OK  [0m] Started Set console font and keymap.
[[0;32m  OK  [0m] Started LSB: AppArmor initialization.
[[0;32m  OK  [0m] Listening on Load/Save RF Kill Switch Status /dev/rfkill Watch.
[[0;32m  OK  [0m] Created slice system-getty.slice.
[   27.416483] cloud-init[437]: Cloud-init v. 17.2 running 'init-local' at Mon, 23 Apr 2018 01:59:06 +0000. Up 26.78 seconds.
[[0;32m  OK  [0m] Started Initial cloud-init job (pre-networking).
[[0;32m  OK  [0m] Reached target Network (Pre).
         Starting Raise network interfaces...
[[0;32m  OK  [0m] Started ifup for enp0s3.
[[0;32m  OK  [0m] Started ifup for enp0s8.
[[0;32m  OK  [0m] Started Raise network interfaces.
[[0;32m  OK  [0m] Reached target Network.
         Starting Initial cloud-init job (metadata service crawler)...
[   28.986179] cloud-init[1056]: Cloud-init v. 17.2 running 'init' at Mon, 23 Apr 2018 01:59:07 +0000. Up 28.19 seconds.
[   29.092806] cloud-init[1056]: ci-info: ++++++++++++++++++++++++++++++++++++++Net device info++++++++++++++++++++++++++++++++++++++
[   29.208221] [cloud-init[0;32m  OK  [0m[1056]: ] ci-info: +--------+------+-----------------------------+---------------+-------+-------------------+Started Initial cloud-init job (metadata service crawler).

[[0;32m  OK  [0m] Reached target Network is Online.
[   29.209149] cloud-init[1056]: ci-info: | Device |  Up  |           Address           |      Mask     | Scope |     Hw-Address    |
[   29.328559]          Starting iSCSI initiator daemon (iscsid)...
[[0;32m  OK  [0m] Reached target System Initialization.
cloud-init[1056]: ci-info: +--------+------+-----------------------------+---------------+-------+-------------------+
[   29.359440] cloud-init[1056]: ci-info: | enp0s3 | True |          10.0.2.15          | 255.255.255.0 |   .   | 02:1b:e7:ca:c1:c0 |
[   29.425038] [cloud-init[0;32m  OK  [0m[1056]: ] ci-info: | enp0s3 | True |  fe80::1b:e7ff:feca:c1c0/64 |       .       |  link | 02:1b:e7:ca:c1:c0 |Started Timer to automatically refresh installed snaps.

[   29.426703] cloud-init[1056]: ci-info: | enp0s8 | True |        192.168.33.10        | 255.255.255.0 |   .   | 08:00:27:88:ce:01 |
[   29.525709] cloud-init[1056]: ci-info: | enp0s8 | True | fe80::a00:27ff:fe88:ce01/64 |       .       |  link | 08:00:27:88:ce:01 |
[   29.579133]          Starting LXD - unix socket.
[[0;32m  OK  [0m] Listening on D-Bus System Message Bus Socket.
[[0;32m  OK  [0m] Listening on ACPID Listen Socket.
[[0;32m  OK  [0m] Started Daily apt download activities.
[[0;32m  OK  [0m] Started Daily apt upgrade and clean activities.
cloud-init[1056]: ci-info: |   lo   | True |          127.0.0.1          |   255.0.0.0   |   .   |         .         |
[   29.658566] [[0;32m  OK  [0m] Started ACPI Events Check.
[[0;32m  OK  [0m] Reached target Paths.
[[0;32m  OK  [0m] Listening on UUID daemon activation socket.
cloud-init[1056]: ci-info: |   lo   | True |           ::1/128           |       .       |  host |         .         |
[   29.688177] cloud-init[1056]: ci-info: +--------+------+-----------------------------+---------------+-------+-------------------+
         Starting Socket activation for snappy daemon.
[[0;32m  OK  [0m] Started Daily Cleanup of Temporary Directories.
[[0;32m  OK  [0m] Reached target Timers.
[[0;32m  OK  [0m] Reached target Cloud-config availability.
[   29.689746] cloud-init[1056]: ci-info: ++++++++++++++++++++++++++++Route IPv4 info++++++++++++++++++++++++++++
[   29.869674] [cloud-init[0;32m  OK  [0m[1056]: ] ci-info: +-------+--------------+----------+---------------+-----------+-------+Listening on LXD - unix socket.

[[0;32m  OK  [0m] Listening on Socket activation for snappy daemon.
[[0;32m  OK  [0m] Started iSCSI initiator daemon (iscsid).
[   29.871424] cloud-init[1056]: ci-info: | Route | Destination  | Gateway  |    Genmask    | Interface | Flags |
[   30.064522]          cloud-initStarting Login to default iSCSI targets...[1056]: 
ci-info: +-------+--------------+----------+---------------+-----------+-------+
[   30.100329] [cloud-init[0;32m  OK  [0m[1056]: ] ci-info: |   0   |   0.0.0.0    | 10.0.2.2 |    0.0.0.0    |   enp0s3  |   UG  |Reached target Sockets.

[   30.101678] [[0;32m  OK  [0m] Reached target Basic System.
cloud-init[1056]: ci-info: |   1   |   10.0.2.0   | 0.0.0.0  | 255.255.255.0 |   enp0s3  |   U   |
[   30.160782]          Starting Apply the settings specified in cloud-config...
         Starting LSB: Record successful boot for GRUB...
[[0;32m  OK  [0m] Started FUSE filesystem for LXC.
cloud-init[1056]: ci-info: |   2   | 192.168.33.0 | 0.0.0.0  | 255.255.255.0 |   enp0s8  |   U   |
[[0;32m  OK  [0m] Started ACPI event daemon.
[   30.208003]          Starting LSB: MD monitoring daemon...
         Starting A high performance web server and a reverse proxy server...
cloud-init[1056]: ci-info: +-------+--------------+----------+---------------+-----------+-------+
[[0;32m  OK  [0m] Started Regular background program processing daemon.
         Starting System Logging Service...
         Starting /etc/rc.local Compatibility...
         Starting Accounts Service...
[[0;32m  OK  [0m] Started D-Bus System Message Bus.
[   30.602048] cloud-init[1115]: Cloud-init v. 17.2 running 'modules:config' at Mon, 23 Apr 2018 01:59:09 +0000. Up 30.35 seconds.
         Starting Snappy daemon...
         Starting Login Service...
         Starting LXD - container startup/shutdown...
[[0;32m  OK  [0m] Started Unattended Upgrades Shutdown.
[[0;32m  OK  [0m] Started Deferred execution scheduler.
         Starting Virtualbox guest utils...
         Starting OpenBSD Secure Shell server...
[[0;32m  OK  [0m] Started System Logging Service.
[[0;32m  OK  [0m] Started Apply the settings specified in cloud-config.
[[0;32m  OK  [0m] Started /etc/rc.local Compatibility.
         Starting Authenticate and Authorize Users to Run Privileged Tasks...
[[0;32m  OK  [0m] Started Login Service.
[[0;32m  OK  [0m] Started LSB: Record successful boot for GRUB.
[[0;32m  OK  [0m] Started Login to default iSCSI targets.
[[0;32m  OK  [0m] Reached target Remote File Systems (Pre).
[[0;32m  OK  [0m] Reached target Remote File Systems.
         Starting Permit User Sessions...
         Starting LSB: daemon to balance interrupts for SMP systems...
         Starting LSB: Set the CPU Frequency Scaling governor to "ondemand"...
         Starting LSB: automatic crash report generation...
[[0;32m  OK  [0m] Started LSB: MD monitoring daemon.
[[0;32m  OK  [0m] Started Permit User Sessions.
[[0;32m  OK  [0m] Started Authenticate and Authorize Users to Run Privileged Tasks.
[[0;32m  OK  [0m] Started Accounts Service.
         Starting Hold until boot process finishes up...
         Starting Terminate Plymouth Boot Screen...
[[0;32m  OK  [0m] Started LSB: Set the CPU Frequency Scaling governor to "ondemand".
[[0;32m  OK  [0m] Started Hold until boot process finishes up.
[[0;32m  OK  [0m] Started Terminate Plymouth Boot Screen.
[[0;32m  OK  [0m] Started Getty on tty1.
[[0;32m  OK  [0m] Started Serial Getty on ttyS0.
[[0;32m  OK  [0m] Reached target Login Prompts.
         Starting Set console scheme...
[[0;32m  OK  [0m] Started OpenBSD Secure Shell server.
[[0;32m  OK  [0m] Started Set console scheme.
[[0;32m  OK  [0m] Started LSB: daemon to balance interrupts for SMP systems.
[[0;32m  OK  [0m] Started LSB: automatic crash report generation.
[[0;32m  OK  [0m] Started Virtualbox guest utils.
[[0;32m  OK  [0m] Created slice User Slice of vagrant.
         Starting User Manager for UID 1000...
[[0;32m  OK  [0m] Started Session 1 of user vagrant.
[[0;32m  OK  [0m] Started User Manager for UID 1000.
[[0;32m  OK  [0m] Started A high performance web server and a reverse proxy server.
[[0;32m  OK  [0m] Started LXD - container startup/shutdown.
[[0;32m  OK  [0m] Started Snappy daemon.
[[0;32m  OK  [0m] Reached target Multi-User System.
         Starting Execute cloud user/final scripts...
[[0;32m  OK  [0m] Reached target Graphical Interface.
         Starting Update UTMP about System Runlevel Changes...
[[0;32m  OK  [0m] Started Update UTMP about System Runlevel Changes.
[   36.024780] cloud-init[1357]: Cloud-init v. 17.2 running 'modules:final' at Mon, 23 Apr 2018 01:59:15 +0000. Up 35.89 seconds.
[   36.129424] cloud-init[1357]: Cloud-init v. 17.2 finished at Mon, 23 Apr 2018 01:59:15 +0000. Datasource DataSourceNoCloud [seed=/dev/sdb][dsmode=net].  Up 36.02 seconds
[[0;32m  OK  [0m] Started Execute cloud user/final scripts.
[[0;32m  OK  [0m] Reached target Cloud-init target.

Ubuntu 16.04.4 LTS ubuntu-xenial ttyS0

ubuntu-xenial login: 